<?xml version="1.0" encoding="UTF-8"?>
<!-- Generated by org.testng.reporters.JUnitReportReporter -->
<testsuite hostname="DESKTOP-I63OPVV" name="openbaidu.openbaidu" tests="1" failures="0" timestamp="18 Mar 2019 03:21:00 GMT" time="4.083" errors="0">
  <testcase name="open" time="4.083" classname="openbaidu.openbaidu"/>
</testsuite> <!-- openbaidu.openbaidu -->
